2026/06/10 15:15:31 [notice] 22172#9392: signal process started
2026/06/10 15:15:31 [error] 22172#9392: CreateFile() "C:\Users\kevin\Documents\Desarrollo web Profesional\Parcial 1\Practica TIENDA COSMETICOS\deploy\local\nginx-win/logs/nginx.pid" failed (2: The system cannot find the file specified)
2026/06/10 15:15:31 [emerg] 12808#16992: CreateFile() "C:\Users\kevin\Documents\Desarrollo web Profesional\Parcial 1\Practica TIENDA COSMETICOS\deploy\local\mime.types" failed (2: The system cannot find the file specified) in C:\Users\kevin\Documents\Desarrollo web Profesional\Parcial 1\Practica TIENDA COSMETICOS\deploy\local\nginx.runtime.conf:11
2026/06/10 15:15:49 [notice] 5756#30808: signal process started
2026/06/10 15:15:49 [error] 5756#30808: CreateFile() "C:\Users\kevin\Documents\Desarrollo web Profesional\Parcial 1\Practica TIENDA COSMETICOS\deploy\local\nginx-win/logs/nginx.pid" failed (2: The system cannot find the file specified)
2026/06/10 15:15:49 [emerg] 9360#22500: invalid parameter "IP_DE_RESPALDO_AQUÍ" in C:\Users\kevin\Documents\Desarrollo web Profesional\Parcial 1\Practica TIENDA COSMETICOS\deploy\local\nginx-win/conf/nginx.runtime.conf:39
2026/06/10 15:16:07 [notice] 31248#14796: signal process started
2026/06/10 15:16:07 [error] 31248#14796: CreateFile() "C:\Users\kevin\Documents\Desarrollo web Profesional\Parcial 1\Practica TIENDA COSMETICOS\deploy\local\nginx-win/logs/nginx.pid" failed (2: The system cannot find the file specified)
2026/06/10 15:17:49 [notice] 3536#30960: signal process started
2026/06/10 15:17:50 [notice] 29600#27628: signal process started
2026/06/10 15:17:50 [error] 29600#27628: CreateFile() "C:\Users\kevin\Documents\Desarrollo web Profesional\Parcial 1\Practica TIENDA COSMETICOS\deploy\local\nginx-win/logs/nginx.pid" failed (2: The system cannot find the file specified)
2026/06/10 15:19:20 [alert] 464#1252: *1 "C:/Users/kevin/Documents/Desarrollo web Profesional/Parcial 1/Practica TIENDA COSMETICOS/deploy/local/www/kevin_gonzalez/index.htmlindex.html" is not a directory, client: 127.0.0.1, server: localhost, request: "GET /kevin_gonzalez/ HTTP/1.1", host: "localhost:8080"
2026/06/10 15:19:50 [notice] 15968#12824: signal process started
2026/06/10 15:19:50 [error] 15968#12824: OpenEvent("Global\ngx_stop_22204") failed (2: The system cannot find the file specified)
2026/06/10 15:30:28 [notice] 21408#8852: signal process started
2026/06/10 15:32:10 [notice] 23112#20704: signal process started
2026/06/10 15:32:10 [error] 23112#20704: CreateFile() "C:\Users\kevin\Documents\Desarrollo web Profesional\Parcial 1\Practica TIENDA COSMETICOS\deploy\local\nginx-win/logs/nginx.pid" failed (2: The system cannot find the file specified)
2026/06/10 15:32:11 [notice] 7140#21264: signal process started
2026/06/10 15:32:11 [error] 7140#21264: CreateFile() "C:\Users\kevin\Documents\Desarrollo web Profesional\Parcial 1\Practica TIENDA COSMETICOS\deploy\local\nginx-win/logs/nginx.pid" failed (2: The system cannot find the file specified)
2026/06/10 15:33:06 [error] 18744#9976: *7 access forbidden by rule, client: 127.0.0.1, server: localhost, request: "GET /kevin_gonzalez/config.env HTTP/1.1", host: "localhost:8080"
2026/06/10 15:33:06 [error] 18744#9976: *7 access forbidden by rule, client: 127.0.0.1, server: localhost, request: "GET /kevin_gonzalez/backup.bak HTTP/1.1", host: "localhost:8080"
2026/06/10 15:33:06 [error] 18744#9976: *7 access forbidden by rule, client: 127.0.0.1, server: localhost, request: "GET /kevin_gonzalez/repo.git HTTP/1.1", host: "localhost:8080"
